<?xml version="1.0" encoding="UTF-8"?>
<!-- Generated by org.testng.reporters.JUnitXMLReporter -->
<testsuite ignored="0" hostname="DESKTOP-3P8E78P" failures="1" tests="2" name="Test1" time="71.349" errors="0" timestamp="2025-01-22T00:35:34 IST">
  <testcase classname="CompleteAutoByPageObjectImpl.ErrorValidation" name="LoginValidationError" time="0.744">
    <skipped/>
  </testcase> <!-- LoginValidationError -->
  <testcase classname="CompleteAutoByPageObjectImpl.ErrorValidation" name="LoginValidationError" time="1.098">
    <failure type="java.lang.AssertionError" message="expected:&amp;lt;Incorrec email or password.&amp;gt; but was:&amp;lt;Incorrect email or password.&amp;gt;">
      <![CDATA[java.lang.AssertionError: expected:<Incorrec email or password.> but was:<Incorrect email or password.>
at CompleteAutoByPageObjectImpl.ErrorValidation.LoginValidationError(ErrorValidation.java:23)
at java.base/java.util.ArrayList.forEach(ArrayList.java:1511)
... Removed 29 stack frames]]>
    </failure>
  </testcase> <!-- LoginValidationError -->
</testsuite> <!-- Test1 -->
